Mplus VERSION 7.3
MUTHEN & MUTHEN
02/22/2016   1:17 PM

INPUT INSTRUCTIONS

  TITLE:
  Script produced from the prototype in ./sandbox/syntax-creator
  DATA:
  File = wide-dataset.dat;
  VARIABLE:
  Names are
   id age_bl htm wtkg msex race educ age_at_visit_0 age_at_visit_1 age_at_visit_2
      age_at_visit_3 age_at_visit_4 age_at_visit_5 age_at_visit_6 age_at_visit_7
      age_at_visit_8 age_at_visit_9 age_at_visit_10 age_at_visit_11
      age_at_visit_12 age_at_visit_13 age_at_visit_14 age_at_visit_15
      age_at_visit_16 time_since_bl_0 time_since_bl_1 time_since_bl_2
      time_since_bl_3 time_since_bl_4 time_since_bl_5 time_since_bl_6
      time_since_bl_7 time_since_bl_8 time_since_bl_9 time_since_bl_10
      time_since_bl_11 time_since_bl_12 time_since_bl_13 time_since_bl_14
      time_since_bl_15 time_since_bl_16 dementia_0 dementia_1 dementia_2
      dementia_3 dementia_4 dementia_5 dementia_6 dementia_7 dementia_8 dementia_9
      dementia_10 dementia_11 dementia_12 dementia_13 dementia_14 dementia_15
      dementia_16 cts_bname_0 cts_bname_1 cts_bname_2 cts_bname_3 cts_bname_4
      cts_bname_5 cts_bname_6 cts_bname_7 cts_bname_8 cts_bname_9 cts_bname_10
      cts_bname_11 cts_bname_12 cts_bname_13 cts_bname_14 cts_bname_15
      cts_bname_16 cts_catflu_0 cts_catflu_1 cts_catflu_2 cts_catflu_3
      cts_catflu_4 cts_catflu_5 cts_catflu_6 cts_catflu_7 cts_catflu_8
      cts_catflu_9 cts_catflu_10 cts_catflu_11 cts_catflu_12 cts_catflu_13
      cts_catflu_14 cts_catflu_15 cts_catflu_16 cts_nccrtd_0 cts_nccrtd_1
      cts_nccrtd_2 cts_nccrtd_3 cts_nccrtd_4 cts_nccrtd_5 cts_nccrtd_6
      cts_nccrtd_7 cts_nccrtd_8 cts_nccrtd_9 cts_nccrtd_10 cts_nccrtd_11
      cts_nccrtd_12 cts_nccrtd_13 cts_nccrtd_14 cts_nccrtd_15 cts_nccrtd_16
      fev_0 fev_1 fev_2 fev_3 fev_4 fev_5 fev_6 fev_7 fev_8 fev_9 fev_10 fev_11
      fev_12 fev_13 fev_14 fev_15 fev_16 gait_speed_0 gait_speed_1 gait_speed_2
      gait_speed_3 gait_speed_4 gait_speed_5 gait_speed_6 gait_speed_7
      gait_speed_8 gait_speed_9 gait_speed_10 gait_speed_11 gait_speed_12
      gait_speed_13 gait_speed_14 gait_speed_15 gait_speed_16 gripavg_0 gripavg_1
      gripavg_2 gripavg_3 gripavg_4 gripavg_5 gripavg_6 gripavg_7 gripavg_8
      gripavg_9 gripavg_10 gripavg_11 gripavg_12 gripavg_13 gripavg_14 gripavg_15
      gripavg_16
  	;
  Missing are all (-9999);
  USEVAR are
  	!define the variables used in the analysis
  	!estimated timepoints
  time1
  time3
  time4
  time6
  time7
  	!modelled timepoints of process A
  a1
  a3
  a4
  a6
  a7
  	! modelled timepoints of process B
  b1
  b3
  b4
  b6
  b7
  	! covariates used in the model
  Bage
  Educat
  Height
  ;
  TSCORES are
  	!estimated timepoints
  time1
  time3
  time4
  time6
  time7;
  USEOBSERVATIONS are
  	!select a subset of observations
  msex EQ msex EQ 1 and
  dementia_0 NE 1 and dementia_1 NE 1 and dementia_2 NE 1 and
  dementia_3 NE 1 and dementia_4 NE 1 and dementia_5 NE 1 and
  dementia_6 NE 1 and dementia_7 NE 1 and dementia_8 NE 1 and
  dementia_9 NE 1 and dementia_10 NE 1 and dementia_11 NE 1 and
  dementia_12 NE 1 and dementia_13 NE 1 and dementia_14 NE 1 and
  dementia_15 NE 1 and dementia_16;
  DEFINE:
  	! assign variables to the process p
  a1=gripavg_1;
  a3=gripavg_3;
  a4=gripavg_4;
  a6=gripavg_6;
  a7=gripavg_7;
  	!assign variables to the process c
  b1=cts_nccrtd_1;
  b3=cts_nccrtd_3;
  b4=cts_nccrtd_4;
  b6=cts_nccrtd_6;
  b7=cts_nccrtd_7;
  	!assign variables to time points
  time1=time_since_bl_1;
  time3=time_since_bl_3;
  time4=time_since_bl_4;
  time6=time_since_bl_6;
  time7=time_since_bl_7;
  	
  	!define the second-level terms
  Bage =   age_bl - 70;    ! Age centered at 70 baseline
  Educat =     educ - 7;     ! Education centered at 7 years
  Height = htm - 1.60;  ! Height at 160 cm
  ANALYSIS:
  TYPE = RANDOM;
  COVERAGE=.00;
  MODEL:
  	!first-level equation
  	! process A
  ia sa | a1-a7 AT time1-time7;
  	! process B
  ib sb | b1-b7 AT time1-time7;
  	!variance of the first-level terms
  ia (v_ia);
  sa (v_sa);
  ib (v_ib);
  sb (v_sb);
  	!covariance among first-level terms
  ia WITH sa (c_iasb);
  ia WITH ib (c_iaib);
  ia WITH sb (c_iasb);
  sa WITH ib (c_saib);
  sa WITH sb (c_sasb);
  ib WITH sb (c_iasb);
  	!second-level equation
  ia sa ib sb ON Bage Educat Height;
  	!residual means of process A
  a1
  a3
  a4
  a6
  a7 (res_a);
  	!residual means of process A
  b1
  b3
  b4
  b6
  b7 (res_b);
  	!Paired covariances constrained to be equal across t
  a1
  a3
  a4
  a6
  a7 pwith b1
  b3
  b4
  b6
  b7(res_cov);
  MODEL CONSTRAINT:
  	!assigns labels to new parameters;
  NEW r_iaib;
  NEW r_sasb;
  NEW r_res_ab;
  	!
  r_iaib = c_iaib/((v_ia**0.5)*(v_ib**0.5));
  r_sasb = c_sasb/((v_sa**0.5)*(v_sb**0.5));
  r_res_ab = res_cov/((res_a**0.5)*(res_b**0.5));
  OUTPUT: sampstat cinterval;
  PLOT: Type is Plot1 Plot2 Plot3;



*** WARNING
  Data set contains cases with missing on x-variables.
  These cases were not included in the analysis.
  Number of cases with missing on x-variables:  102
*** WARNING
  Data set contains cases with missing on all variables except
  x-variables.  These cases were not included in the analysis.
  Number of cases with missing on all variables except x-variables:  1097
   2 WARNING(S) FOUND IN THE INPUT INSTRUCTIONS




Script produced from the prototype in ./sandbox/syntax-creator

SUMMARY OF ANALYSIS

Number of groups                                                 1
Number of observations                                        1104

Number of dependent variables                                   10
Number of independent variables                                  3
Number of continuous latent variables                            4

Observed dependent variables

  Continuous
   A1          A3          A4          A6          A7          B1
   B3          B4          B6          B7

Observed independent variables
   BAGE        EDUCAT      HEIGHT

Continuous latent variables
   IA          SA          IB          SB

Variables with special functions

  Time scores
   TIME1       TIME3       TIME4       TIME6       TIME7


Estimator                                                      MLR
Information matrix                                        OBSERVED
Maximum number of iterations                                   100
Convergence criterion                                    0.100D-05
Maximum number of EM iterations                                500
Convergence criteria for the EM algorithm
  Loglikelihood change                                   0.100D-02
  Relative loglikelihood change                          0.100D-05
  Derivative                                             0.100D-03
Minimum variance                                         0.100D-03
Maximum number of steepest descent iterations                   20
Maximum number of iterations for H1                           2000
Convergence criterion for H1                             0.100D-03
Optimization algorithm                                         EMA

Input data file(s)
  wide-dataset.dat
Input data format  FREE


SUMMARY OF DATA

     Number of missing data patterns            34


COVARIANCE COVERAGE OF DATA

Minimum covariance coverage value   0.000


     PROPORTION OF DATA PRESENT


           Covariance Coverage
              A1            A3            A4            A6            A7
              ________      ________      ________      ________      ________
 A1             0.280
 A3             0.002         0.170
 A4             0.002         0.004         0.109
 A6             0.000         0.000         0.000         0.058
 A7             0.001         0.000         0.002         0.002         0.069
 B1             0.274         0.002         0.002         0.002         0.001
 B3             0.005         0.165         0.005         0.000         0.001
 B4             0.003         0.005         0.104         0.001         0.003
 B6             0.001         0.000         0.001         0.056         0.002
 B7             0.001         0.000         0.002         0.002         0.069
 BAGE           0.280         0.170         0.109         0.058         0.069
 EDUCAT         0.280         0.170         0.109         0.058         0.069
 HEIGHT         0.280         0.170         0.109         0.058         0.069


           Covariance Coverage
              B1            B3            B4            B6            B7
              ________      ________      ________      ________      ________
 B1             0.346
 B3             0.005         0.237
 B4             0.003         0.009         0.191
 B6             0.003         0.001         0.002         0.124
 B7             0.001         0.001         0.003         0.003         0.112
 BAGE           0.346         0.237         0.191         0.124         0.112
 EDUCAT         0.346         0.237         0.191         0.124         0.112
 HEIGHT         0.346         0.237         0.191         0.124         0.112


           Covariance Coverage
              BAGE          EDUCAT        HEIGHT
              ________      ________      ________
 BAGE           1.000
 EDUCAT         1.000         1.000
 HEIGHT         1.000         1.000         1.000


SAMPLE STATISTICS

     NO CONVERGENCE IN THE MISSING DATA ESTIMATION OF THE SAMPLE STATISTICS.


UNIVARIATE HIGHER-ORDER MOMENT DESCRIPTIVE STATISTICS


     UNIVARIATE HIGHER-ORDER MOMENT DESCRIPTIVE STATISTICS

         Variable/         Mean/     Skewness/   Minimum/ % with                Percentiles
        Sample Size      Variance    Kurtosis    Maximum  Min/Max      20%/60%    40%/80%    Median

     A1                   44.543       0.921       9.250    0.32%      30.000     37.750     42.250
             309.000     315.086       1.383     130.250    0.32%      45.000     56.750
     A3                   44.199       1.124      14.000    0.53%      30.000     35.750     39.750
             188.000     355.234       1.571     125.000    0.53%      44.250     58.750
     A4                   43.965       0.646      12.000    0.83%      27.500     36.250     40.125
             120.000     324.377      -0.097     100.250    0.83%      45.500     62.000
     A6                   46.480       0.751      11.250    1.56%      28.250     39.500     44.125
              64.000     341.876       0.990     112.250    1.56%      47.500     62.750
     A7                   43.496       1.407      10.750    1.32%      29.250     35.500     39.375
              76.000     336.228       3.413     121.750    1.32%      44.000     56.250
     B1                   23.990      -0.186       0.000    0.52%      18.000     22.000     24.000
             382.000      54.272       0.197      46.000    0.26%      26.000     30.000
     B3                   24.347       0.020       6.000    0.38%      18.000     23.000     24.000
             262.000      53.853       0.035      44.000    0.38%      27.000     30.000
     B4                   24.024      -0.237       0.000    0.95%      18.000     22.000     24.000
             211.000      67.454       0.230      46.000    0.47%      26.000     32.000
     B6                   24.788      -0.279       0.000    0.73%      19.000     23.000     25.000
             137.000      51.276       0.554      42.000    1.46%      27.000     30.000
     B7                   24.371      -0.638       0.000    0.81%      19.000     24.000     25.000
             124.000      60.427       0.522      43.000    0.81%      26.000     31.000
     BAGE                  8.762      -0.534     -15.662    0.36%       3.221      7.684      9.485
            1104.000      57.213       0.371      25.882    0.36%      11.021     14.507
     EDUCAT                7.791       0.383      -5.000    0.09%       5.000      7.000      7.000
            1104.000      11.613       1.689      21.000    0.91%       9.000     11.000
     HEIGHT                0.022      -0.042      -0.381    0.18%      -0.051      0.000      0.000
            1104.000       0.011       0.717       0.356    0.09%       0.026      0.102

     WARNING: THE MODEL ESTIMATION HAS REACHED A SADDLE POINT OR A POINT WHERE THE
     OBSERVED AND THE EXPECTED INFORMATION MATRICES DO NOT MATCH.
     AN ADJUSTMENT TO THE ESTIMATION OF THE INFORMATION MATRIX HAS BEEN MADE.
     THE CONDITION NUMBER IS      -0.104D-06.
     THE PROBLEM MAY ALSO BE RESOLVED BY DECREASING THE VALUE OF THE
     MCONVERGENCE OR LOGCRITERION OPTIONS OR BY CHANGING THE STARTING VALUES
     OR BY USING THE MLF ESTIMATOR.


THE MODEL ESTIMATION TERMINATED NORMALLY

     THE MISSING DATA EM ALGORITHM USED TO COMPUTE SAMPLE STATISTICS HAS NOT
     CONVERGED WITH RESPECT TO THE PARAMETER ESTIMATES.  THIS MAY BE DUE TO
     SPARSE DATA LEADING TO A SINGULAR COVARIANCE MATRIX ESTIMATE.  INCREASE
     THE NUMBER OF EM ITERATIONS.

     THE H1 MODEL ESTIMATION DID NOT CONVERGE.  CHI-SQUARE TEST AND SAMPLE STATISTICS COULD NOT
     BE COMPUTED.  INCREASE THE NUMBER OF H1ITERATIONS.




MODEL FIT INFORMATION

Number of Free Parameters                       39

Loglikelihood

          H0 Value                       -6829.306
          H0 Scaling Correction Factor      1.0573
            for MLR

Information Criteria

          Akaike (AIC)                   13736.611
          Bayesian (BIC)                 13931.872
          Sample-Size Adjusted BIC       13807.999
            (n* = (n + 2) / 24)



MODEL RESULTS

                                                    Two-Tailed
                    Estimate       S.E.  Est./S.E.    P-Value

 IA         ON
    BAGE              -0.268      0.300     -0.894      0.371
    EDUCAT            -0.245      0.553     -0.444      0.657
    HEIGHT            92.869     37.077      2.505      0.012

 SA         ON
    BAGE              -0.235      0.285     -0.825      0.409
    EDUCAT             0.597      0.523      1.143      0.253
    HEIGHT            -0.208     36.646     -0.006      0.995

 IB         ON
    BAGE              -0.232      0.098     -2.359      0.018
    EDUCAT            -0.485      0.264     -1.840      0.066
    HEIGHT            28.193      8.673      3.251      0.001

 SB         ON
    BAGE               0.014      0.083      0.168      0.866
    EDUCAT             0.651      0.231      2.813      0.005
    HEIGHT           -15.223      8.268     -1.841      0.066

 IA       WITH
    SA               -22.421      7.712     -2.907      0.004
    IB                35.046     19.763      1.773      0.076
    SB               -22.421      7.712     -2.907      0.004

 SA       WITH
    IB               -17.721     18.693     -0.948      0.343
    SB                 9.657      6.930      1.393      0.163

 IB       WITH
    SB               -22.421      7.712     -2.907      0.004

 A7       WITH
    B1                11.421     73.978      0.154      0.877
    B3                -1.555      3.243     -0.480      0.632
    B4                 5.864     65.125      0.090      0.928
    B6                 1.091      6.746      0.162      0.871
    B7                 0.363     16.616      0.022      0.983

 Intercepts
    A1                 0.000      0.000    999.000    999.000
    A3                 0.000      0.000    999.000    999.000
    A4                 0.000      0.000    999.000    999.000
    A6                 0.000      0.000    999.000    999.000
    A7                 0.000      0.000    999.000    999.000
    B1                 0.000      0.000    999.000    999.000
    B3                 0.000      0.000    999.000    999.000
    B4                 0.000      0.000    999.000    999.000
    B6                 0.000      0.000    999.000    999.000
    B7                 0.000      0.000    999.000    999.000
    IA                45.985      5.474      8.401      0.000
    SA                -1.074      5.033     -0.213      0.831
    IB                30.428      2.477     12.286      0.000
    SB                -5.815      2.092     -2.780      0.005

 Residual Variances
    A1                20.741     36.980      0.561      0.575
    A3                58.167     60.276      0.965      0.335
    A4                26.147     60.447      0.433      0.665
    A6                31.106     76.499      0.407      0.684
    A7                80.210     47.026      1.706      0.088
    B1                10.016      4.428      2.262      0.024
    B3                 7.924      6.247      1.269      0.205
    B4                17.130      9.853      1.739      0.082
    B6                 5.530     10.427      0.530      0.596
    B7                13.310     16.598      0.802      0.423
    IA               179.697     44.392      4.048      0.000
    SA                27.577     14.166      1.947      0.052
    IB                75.159     14.584      5.154      0.000
    SB                10.121      3.671      2.757      0.006

New/Additional Parameters
    R_IAIB             0.302      0.159      1.896      0.058
    R_SASB             0.578      0.209      2.770      0.006
    R_RES_AB           0.011      0.505      0.022      0.982


QUALITY OF NUMERICAL RESULTS

     Condition Number for the Information Matrix             -0.104E-06
       (ratio of smallest to largest eigenvalue)


CONFIDENCE INTERVALS OF MODEL RESULTS

                  Lower .5%  Lower 2.5%    Lower 5%    Estimate    Upper 5%  Upper 2.5%   Upper .5%

 IA       ON
    BAGE            -1.040      -0.855      -0.761      -0.268       0.225       0.320       0.504
    EDUCAT          -1.668      -1.328      -1.154      -0.245       0.664       0.838       1.178
    HEIGHT          -2.633      20.199      31.878      92.869     153.860     165.540     188.371

 SA       ON
    BAGE            -0.969      -0.794      -0.704      -0.235       0.234       0.323       0.499
    EDUCAT          -0.749      -0.427      -0.262       0.597       1.457       1.621       1.943
    HEIGHT         -94.602     -72.036     -60.492      -0.208      60.075      71.619      94.185

 IB       ON
    BAGE            -0.485      -0.425      -0.394      -0.232      -0.070      -0.039       0.021
    EDUCAT          -1.164      -1.002      -0.919      -0.485      -0.051       0.032       0.194
    HEIGHT           5.852      11.193      13.925      28.193      42.461      45.193      50.535

 SB       ON
    BAGE            -0.200      -0.149      -0.123       0.014       0.151       0.177       0.228
    EDUCAT           0.055       0.197       0.270       0.651       1.031       1.104       1.246
    HEIGHT         -36.521     -31.429     -28.825     -15.223      -1.622       0.983       6.075

 IA       WITH
    SA             -42.286     -37.537     -35.107     -22.421      -9.735      -7.305      -2.556
    IB             -15.859      -3.689       2.536      35.046      67.555      73.780      85.950
    SB             -42.286     -37.537     -35.107     -22.421      -9.735      -7.305      -2.556

 SA       WITH
    IB             -65.871     -54.360     -48.471     -17.721      13.030      18.918      30.429
    SB              -8.195      -3.927      -1.744       9.657      21.058      23.241      27.509

 IB       WITH
    SB             -42.286     -37.537     -35.107     -22.421      -9.735      -7.305      -2.556

 A7       WITH
    B1            -179.132    -133.576    -110.273      11.421     133.114     156.417     201.973
    B3              -9.909      -7.912      -6.890      -1.555       3.780       4.801       6.799
    B4            -161.886    -121.782    -101.267       5.864     112.995     133.509     173.613
    B6             -16.284     -12.130     -10.006       1.091      12.188      14.313      18.467
    B7             -42.435     -32.204     -26.970       0.363      27.695      32.929      43.161

 Intercepts
    A1               0.000       0.000       0.000       0.000       0.000       0.000       0.000
    A3               0.000       0.000       0.000       0.000       0.000       0.000       0.000
    A4               0.000       0.000       0.000       0.000       0.000       0.000       0.000
    A6               0.000       0.000       0.000       0.000       0.000       0.000       0.000
    A7               0.000       0.000       0.000       0.000       0.000       0.000       0.000
    B1               0.000       0.000       0.000       0.000       0.000       0.000       0.000
    B3               0.000       0.000       0.000       0.000       0.000       0.000       0.000
    B4               0.000       0.000       0.000       0.000       0.000       0.000       0.000
    B6               0.000       0.000       0.000       0.000       0.000       0.000       0.000
    B7               0.000       0.000       0.000       0.000       0.000       0.000       0.000
    IA              31.885      35.256      36.981      45.985      54.990      56.715      60.085
    SA             -14.038     -10.939      -9.354      -1.074       7.205       8.790      11.889
    IB              24.049      25.574      26.354      30.428      34.502      35.283      36.808
    SB             -11.204      -9.916      -9.257      -5.815      -2.374      -1.715      -0.426

 Residual Variances
    A1             -74.511     -51.739     -40.091      20.741      81.573      93.221     115.993
    A3             -97.093     -59.974     -40.987      58.167     157.322     176.309     213.428
    A4            -129.553     -92.330     -73.289      26.147     125.582     144.623     181.847
    A6            -165.939    -118.831     -94.734      31.106     156.947     181.044     228.152
    A7             -40.919     -11.961       2.852      80.210     157.567     172.380     201.338
    B1              -1.390       1.337       2.732      10.016      17.301      18.695      21.422
    B3              -8.166      -4.319      -2.352       7.924      18.199      20.167      24.014
    B4              -8.249      -2.182       0.922      17.130      33.338      36.441      42.509
    B6             -21.327     -14.906     -11.622       5.530      22.681      25.966      32.386
    B7             -29.444     -19.223     -13.994      13.310      40.613      45.842      56.063
    IA              65.353      92.690     106.673     179.697     252.721     266.705     294.041
    SA              -8.911      -0.187       4.275      27.577      50.880      55.342      64.065
    IB              37.595      46.575      51.169      75.159      99.150     103.743     112.724
    SB               0.665       2.925       4.082      10.121      16.161      17.317      19.578

New/Additional Parameters
    R_IAIB          -0.108      -0.010       0.040       0.302       0.563       0.613       0.711
    R_SASB           0.041       0.169       0.235       0.578       0.921       0.987       1.116
    R_RES_AB        -1.291      -0.979      -0.820       0.011       0.842       1.002       1.313


SAMPLE STATISTICS FOR ESTIMATED FACTOR SCORES


     SAMPLE STATISTICS


           Means
              IA            IA_SE         SA            SA_SE         IB
              ________      ________      ________      ________      ________
 1             43.781         9.205         1.512         5.112        25.239


           Means
              IB_SE         SB            SB_SE
              ________      ________      ________
 1              4.568        -0.960         2.600


           Covariances
              IA            IA_SE         SA            SA_SE         IB
              ________      ________      ________      ________      ________
 IA           185.805
 IA_SE          2.036         8.710
 SA            11.653         1.188         8.861
 SA_SE          0.012         0.050         0.002         0.005
 IB            50.336         0.206        -5.358        -0.001        66.643
 IB_SE          0.075         0.407        -0.056         0.014         0.051
 SB           -20.191         0.096         4.650         0.000       -18.923
 SB_SE          0.083         0.272         0.018         0.005         0.032


           Covariances
              IB_SE         SB            SB_SE
              ________      ________      ________
 IB_SE          0.711
 SB            -0.106         8.681
 SB_SE          0.113        -0.024         0.027


           Correlations
              IA            IA_SE         SA            SA_SE         IB
              ________      ________      ________      ________      ________
 IA             1.000
 IA_SE          0.051         1.000
 SA             0.287         0.135         1.000
 SA_SE          0.012         0.233         0.008         1.000
 IB             0.452         0.009        -0.221        -0.002         1.000
 IB_SE          0.006         0.163        -0.022         0.232         0.007
 SB            -0.503         0.011         0.530        -0.001        -0.787
 SB_SE          0.037         0.559         0.036         0.397         0.024


           Correlations
              IB_SE         SB            SB_SE
              ________      ________      ________
 IB_SE          1.000
 SB            -0.043         1.000
 SB_SE          0.813        -0.049         1.000


PLOT INFORMATION

The following plots are available:

  Histograms (sample values, estimated factor scores)
  Scatterplots (sample values, estimated factor scores)
  Latent variable distribution plots

     Beginning Time:  13:17:39
        Ending Time:  13:19:43
       Elapsed Time:  00:02:04



MUTHEN & MUTHEN
3463 Stoner Ave.
Los Angeles, CA  90066

Tel: (310) 391-9971
Fax: (310) 391-8971
Web: www.StatModel.com
Support: Support@StatModel.com

Copyright (c) 1998-2014 Muthen & Muthen
