Mplus VERSION 7.3
MUTHEN & MUTHEN
02/22/2016   1:15 PM

INPUT INSTRUCTIONS

  TITLE:
  Script produced from the prototype in ./sandbox/syntax-creator
  DATA:
  File = wide-dataset.dat;
  VARIABLE:
  Names are
   id age_bl htm wtkg msex race educ age_at_visit_0 age_at_visit_1 age_at_visit_2
      age_at_visit_3 age_at_visit_4 age_at_visit_5 age_at_visit_6 age_at_visit_7
      age_at_visit_8 age_at_visit_9 age_at_visit_10 age_at_visit_11
      age_at_visit_12 age_at_visit_13 age_at_visit_14 age_at_visit_15
      age_at_visit_16 time_since_bl_0 time_since_bl_1 time_since_bl_2
      time_since_bl_3 time_since_bl_4 time_since_bl_5 time_since_bl_6
      time_since_bl_7 time_since_bl_8 time_since_bl_9 time_since_bl_10
      time_since_bl_11 time_since_bl_12 time_since_bl_13 time_since_bl_14
      time_since_bl_15 time_since_bl_16 dementia_0 dementia_1 dementia_2
      dementia_3 dementia_4 dementia_5 dementia_6 dementia_7 dementia_8 dementia_9
      dementia_10 dementia_11 dementia_12 dementia_13 dementia_14 dementia_15
      dementia_16 cts_bname_0 cts_bname_1 cts_bname_2 cts_bname_3 cts_bname_4
      cts_bname_5 cts_bname_6 cts_bname_7 cts_bname_8 cts_bname_9 cts_bname_10
      cts_bname_11 cts_bname_12 cts_bname_13 cts_bname_14 cts_bname_15
      cts_bname_16 cts_catflu_0 cts_catflu_1 cts_catflu_2 cts_catflu_3
      cts_catflu_4 cts_catflu_5 cts_catflu_6 cts_catflu_7 cts_catflu_8
      cts_catflu_9 cts_catflu_10 cts_catflu_11 cts_catflu_12 cts_catflu_13
      cts_catflu_14 cts_catflu_15 cts_catflu_16 cts_nccrtd_0 cts_nccrtd_1
      cts_nccrtd_2 cts_nccrtd_3 cts_nccrtd_4 cts_nccrtd_5 cts_nccrtd_6
      cts_nccrtd_7 cts_nccrtd_8 cts_nccrtd_9 cts_nccrtd_10 cts_nccrtd_11
      cts_nccrtd_12 cts_nccrtd_13 cts_nccrtd_14 cts_nccrtd_15 cts_nccrtd_16
      fev_0 fev_1 fev_2 fev_3 fev_4 fev_5 fev_6 fev_7 fev_8 fev_9 fev_10 fev_11
      fev_12 fev_13 fev_14 fev_15 fev_16 gait_speed_0 gait_speed_1 gait_speed_2
      gait_speed_3 gait_speed_4 gait_speed_5 gait_speed_6 gait_speed_7
      gait_speed_8 gait_speed_9 gait_speed_10 gait_speed_11 gait_speed_12
      gait_speed_13 gait_speed_14 gait_speed_15 gait_speed_16 gripavg_0 gripavg_1
      gripavg_2 gripavg_3 gripavg_4 gripavg_5 gripavg_6 gripavg_7 gripavg_8
      gripavg_9 gripavg_10 gripavg_11 gripavg_12 gripavg_13 gripavg_14 gripavg_15
      gripavg_16
  	;
  Missing are all (-9999);
  USEVAR are
  	!define the variables used in the analysis
  	!estimated timepoints
  time1
  time2
  time3
  time4
  time5
  	!modelled timepoints of process A
  a1
  a2
  a3
  a4
  a5
  	! modelled timepoints of process B
  b1
  b2
  b3
  b4
  b5
  	! covariates used in the model
  Bage
  Educat
  Height
  ;
  TSCORES are
  	!estimated timepoints
  time1
  time2
  time3
  time4
  time5;
  USEOBSERVATIONS are
  	!select a subset of observations
  msex EQ msex EQ 1 and
  dementia_0 NE 1 and dementia_1 NE 1 and dementia_2 NE 1 and
  dementia_3 NE 1 and dementia_4 NE 1 and dementia_5 NE 1 and
  dementia_6 NE 1 and dementia_7 NE 1 and dementia_8 NE 1 and
  dementia_9 NE 1 and dementia_10 NE 1 and dementia_11 NE 1 and
  dementia_12 NE 1 and dementia_13 NE 1 and dementia_14 NE 1 and
  dementia_15 NE 1 and dementia_16;
  DEFINE:
  	! assign variables to the process p
  a1=gripavg_1;
  a2=gripavg_2;
  a3=gripavg_3;
  a4=gripavg_4;
  a5=gripavg_5;
  	!assign variables to the process c
  b1=cts_nccrtd_1;
  b2=cts_nccrtd_2;
  b3=cts_nccrtd_3;
  b4=cts_nccrtd_4;
  b5=cts_nccrtd_5;
  	!assign variables to time points
  time1=time_since_bl_1;
  time2=time_since_bl_2;
  time3=time_since_bl_3;
  time4=time_since_bl_4;
  time5=time_since_bl_5;
  	
  	!define the second-level terms
  Bage =   age_bl - 70;    ! Age centered at 70 baseline
  Educat =     educ - 7;     ! Education centered at 7 years
  Height = htm - 1.60;  ! Height at 160 cm
  ANALYSIS:
  TYPE = RANDOM;
  COVERAGE=.00;
  MODEL:
  	!first-level equation
  	! process A
  ia sa | a1-a5 AT time1-time5;
  	! process B
  ib sb | b1-b5 AT time1-time5;
  	!variance of the first-level terms
  ia (v_ia);
  sa (v_sa);
  ib (v_ib);
  sb (v_sb);
  	!covariance among first-level terms
  ia WITH sa (c_iasb);
  ia WITH ib (c_iaib);
  ia WITH sb (c_iasb);
  sa WITH ib (c_saib);
  sa WITH sb (c_sasb);
  ib WITH sb (c_iasb);
  	!second-level equation
  ia sa ib sb ON Bage Educat Height;
  	!residual means of process A
  a1
  a2
  a3
  a4
  a5 (res_a);
  	!residual means of process A
  b1
  b2
  b3
  b4
  b5 (res_b);
  	!Paired covariances constrained to be equal across t
  a1
  a2
  a3
  a4
  a5 pwith b1
  b2
  b3
  b4
  b5(res_cov);
  MODEL CONSTRAINT:
  	!assigns labels to new parameters;
  NEW r_iaib;
  NEW r_sasb;
  NEW r_res_ab;
  	!
  r_iaib = c_iaib/((v_ia**0.5)*(v_ib**0.5));
  r_sasb = c_sasb/((v_sa**0.5)*(v_sb**0.5));
  r_res_ab = res_cov/((res_a**0.5)*(res_b**0.5));
  OUTPUT: sampstat cinterval;
  PLOT: Type is Plot1 Plot2 Plot3;



*** WARNING
  Data set contains cases with missing on x-variables.
  These cases were not included in the analysis.
  Number of cases with missing on x-variables:  102
*** WARNING
  Data set contains cases with missing on all variables except
  x-variables.  These cases were not included in the analysis.
  Number of cases with missing on all variables except x-variables:  893
   2 WARNING(S) FOUND IN THE INPUT INSTRUCTIONS




Script produced from the prototype in ./sandbox/syntax-creator

SUMMARY OF ANALYSIS

Number of groups                                                 1
Number of observations                                        1308

Number of dependent variables                                   10
Number of independent variables                                  3
Number of continuous latent variables                            4

Observed dependent variables

  Continuous
   A1          A2          A3          A4          A5          B1
   B2          B3          B4          B5

Observed independent variables
   BAGE        EDUCAT      HEIGHT

Continuous latent variables
   IA          SA          IB          SB

Variables with special functions

  Time scores
   TIME1       TIME2       TIME3       TIME4       TIME5


Estimator                                                      MLR
Information matrix                                        OBSERVED
Maximum number of iterations                                   100
Convergence criterion                                    0.100D-05
Maximum number of EM iterations                                500
Convergence criteria for the EM algorithm
  Loglikelihood change                                   0.100D-02
  Relative loglikelihood change                          0.100D-05
  Derivative                                             0.100D-03
Minimum variance                                         0.100D-03
Maximum number of steepest descent iterations                   20
Maximum number of iterations for H1                           2000
Convergence criterion for H1                             0.100D-03
Optimization algorithm                                         EMA

Input data file(s)
  wide-dataset.dat
Input data format  FREE


SUMMARY OF DATA

     Number of missing data patterns            38


COVARIANCE COVERAGE OF DATA

Minimum covariance coverage value   0.000


     PROPORTION OF DATA PRESENT


           Covariance Coverage
              A1            A2            A3            A4            A5
              ________      ________      ________      ________      ________
 A1             0.236
 A2             0.005         0.180
 A3             0.002         0.004         0.144
 A4             0.002         0.000         0.003         0.092
 A5             0.000         0.001         0.000         0.002         0.061
 B1             0.231         0.005         0.002         0.002         0.000
 B2             0.005         0.177         0.005         0.001         0.002
 B3             0.004         0.005         0.139         0.004         0.000
 B4             0.002         0.000         0.005         0.088         0.002
 B5             0.000         0.003         0.001         0.002         0.060
 BAGE           0.236         0.180         0.144         0.092         0.061
 EDUCAT         0.236         0.180         0.144         0.092         0.061
 HEIGHT         0.236         0.180         0.144         0.092         0.061


           Covariance Coverage
              B1            B2            B3            B4            B5
              ________      ________      ________      ________      ________
 B1             0.292
 B2             0.007         0.240
 B3             0.004         0.005         0.200
 B4             0.002         0.001         0.008         0.161
 B5             0.000         0.005         0.002         0.002         0.120
 BAGE           0.292         0.240         0.200         0.161         0.120
 EDUCAT         0.292         0.240         0.200         0.161         0.120
 HEIGHT         0.292         0.240         0.200         0.161         0.120


           Covariance Coverage
              BAGE          EDUCAT        HEIGHT
              ________      ________      ________
 BAGE           1.000
 EDUCAT         1.000         1.000
 HEIGHT         1.000         1.000         1.000


SAMPLE STATISTICS

     NO CONVERGENCE IN THE MISSING DATA ESTIMATION OF THE SAMPLE STATISTICS.


UNIVARIATE HIGHER-ORDER MOMENT DESCRIPTIVE STATISTICS


     UNIVARIATE HIGHER-ORDER MOMENT DESCRIPTIVE STATISTICS

         Variable/         Mean/     Skewness/   Minimum/ % with                Percentiles
        Sample Size      Variance    Kurtosis    Maximum  Min/Max      20%/60%    40%/80%    Median

     A1                   44.543       0.921       9.250    0.32%      30.000     37.750     42.250
             309.000     315.086       1.383     130.250    0.32%      45.000     56.750
     A2                   44.435       1.166      11.250    0.42%      28.500     37.000     40.750
             236.000     337.234       2.007     127.500    0.42%      45.250     56.500
     A3                   44.199       1.124      14.000    0.53%      30.000     35.750     39.750
             188.000     355.234       1.571     125.000    0.53%      44.250     58.750
     A4                   43.965       0.646      12.000    0.83%      27.500     36.250     40.125
             120.000     324.377      -0.097     100.250    0.83%      45.500     62.000
     A5                   46.362       0.414      15.750    1.25%      34.250     40.000     43.750
              80.000     247.411      -0.482      86.750    1.25%      47.000     59.500
     B1                   23.990      -0.186       0.000    0.52%      18.000     22.000     24.000
             382.000      54.272       0.197      46.000    0.26%      26.000     30.000
     B2                   24.404      -0.274       2.000    0.32%      19.000     22.000     25.000
             314.000      52.763       0.120      42.000    0.64%      26.000     31.000
     B3                   24.347       0.020       6.000    0.38%      18.000     23.000     24.000
             262.000      53.853       0.035      44.000    0.38%      27.000     30.000
     B4                   24.024      -0.237       0.000    0.95%      18.000     22.000     24.000
             211.000      67.454       0.230      46.000    0.47%      26.000     32.000
     B5                   24.503      -0.564       0.000    1.27%      18.000     23.000     25.000
             157.000      59.282       0.503      42.000    0.64%      27.000     31.000
     BAGE                  9.164      -0.566     -15.662    0.38%       3.366      8.215      9.970
            1308.000      57.053       0.420      25.882    0.38%      11.687     14.906
     EDUCAT                7.759       0.319      -5.000    0.08%       5.000      7.000      7.000
            1308.000      11.346       1.546      21.000    0.76%       9.000     11.000
     HEIGHT                0.022      -0.021      -0.381    0.15%      -0.051      0.000      0.000
            1308.000       0.011       0.929       0.407    0.08%       0.026      0.102

     THE MODEL ESTIMATION DID NOT TERMINATE NORMALLY DUE TO AN ILL-CONDITIONED
     FISHER INFORMATION MATRIX.  CHANGE YOUR MODEL AND/OR STARTING VALUES.

     THE MODEL ESTIMATION DID NOT TERMINATE NORMALLY DUE TO A NON-POSITIVE
     DEFINITE FISHER INFORMATION MATRIX.  THIS MAY BE DUE TO THE STARTING VALUES
     BUT MAY ALSO BE AN INDICATION OF MODEL NONIDENTIFICATION.  THE CONDITION
     NUMBER IS      -0.724D-17.

     THE STANDARD ERRORS OF THE MODEL PARAMETER ESTIMATES COULD NOT BE
     COMPUTED.  THIS IS OFTEN DUE TO THE STARTING VALUES BUT MAY ALSO BE
     AN INDICATION OF MODEL NONIDENTIFICATION.  CHANGE YOUR MODEL AND/OR
     STARTING VALUES.  PROBLEM INVOLVING THE FOLLOWING PARAMETER:
     Parameter 6, B1 WITH A5


     THE MISSING DATA EM ALGORITHM USED TO COMPUTE SAMPLE STATISTICS HAS NOT
     CONVERGED WITH RESPECT TO THE PARAMETER ESTIMATES.  THIS MAY BE DUE TO
     SPARSE DATA LEADING TO A SINGULAR COVARIANCE MATRIX ESTIMATE.  INCREASE
     THE NUMBER OF EM ITERATIONS.

     THE H1 MODEL ESTIMATION DID NOT CONVERGE.  CHI-SQUARE TEST AND SAMPLE STATISTICS COULD NOT
     BE COMPUTED.  INCREASE THE NUMBER OF H1ITERATIONS.






MODEL RESULTS

                    Estimate

 IA         ON
    BAGE              -0.326
    EDUCAT            -0.044
    HEIGHT            87.291

 SA         ON
    BAGE              -0.208
    EDUCAT             0.491
    HEIGHT             5.688

 IB         ON
    BAGE              -0.226
    EDUCAT             0.030
    HEIGHT             8.272

 SB         ON
    BAGE               0.009
    EDUCAT             0.199
    HEIGHT             4.600

 IA       WITH
    SA               -27.137
    IB                25.980
    SB               -27.137

 SA       WITH
    IB                -2.022
    SB                 7.088

 IB       WITH
    SB               -27.137

 A5       WITH
    B1                 0.000
    B2                 0.179
    B3                -0.001
    B4                 2.044
    B5                -7.906

 Intercepts
    A1                 0.000
    A2                 0.000
    A3                 0.000
    A4                 0.000
    A5                 0.000
    B1                 0.000
    B2                 0.000
    B3                 0.000
    B4                 0.000
    B5                 0.000
    IA                45.343
    SA                -0.401
    IB                27.666
    SB                -3.491

 Residual Variances
    A1                 6.967
    A2                11.767
    A3                59.088
    A4                16.723
    A5                13.092
    B1                10.840
    B2                10.482
    B3                10.903
    B4                20.566
    B5                13.443
    IA               203.445
    SA                23.451
    IB                76.906
    SB                14.641

New/Additional Parameters
    R_IAIB             0.208
    R_SASB             0.383
    R_RES_AB          -0.596


MODEL COMMAND WITH FINAL ESTIMATES USED AS STARTING VALUES

     ia sa | a1-a5 AT time1-time5;
     ib sb | b1-b5 AT time1-time5;

     ia ON bage*-0.32612;
     ia ON educat*-0.04431;
     ia ON height*87.29138;
     sa ON bage*-0.20848;
     sa ON educat*0.49120;
     sa ON height*5.68782;
     ib ON bage*-0.22593;
     ib ON educat*0.03013;
     ib ON height*8.27194;
     sb ON bage*0.00949;
     sb ON educat*0.19908;
     sb ON height*4.60031;

     a5 WITH b1*-0.00049;
     a5 WITH b2*0.17932;
     a5 WITH b3*-0.00128;
     a5 WITH b4*2.04424;
     a5 WITH b5*-7.90563 (res_cov);
     ia WITH sa*-27.13712 (c_iasb);
     ia WITH ib*25.97988 (c_iaib);
     ia WITH sb*-27.13712 (c_iasb);
     sa WITH ib*-2.02197 (c_saib);
     sa WITH sb*7.08792 (c_sasb);
     ib WITH sb*-27.13712 (c_iasb);

     [ a1@0 ];
     [ a2@0 ];
     [ a3@0 ];
     [ a4@0 ];
     [ a5@0 ];
     [ b1@0 ];
     [ b2@0 ];
     [ b3@0 ];
     [ b4@0 ];
     [ b5@0 ];
     [ ia*45.34267 ];
     [ sa*-0.40147 ];
     [ ib*27.66610 ];
     [ sb*-3.49067 ];

     a1*6.96687;
     a2*11.76657;
     a3*59.08847;
     a4*16.72298;
     a5*13.09194 (res_a);
     b1*10.83991;
     b2*10.48179;
     b3*10.90320;
     b4*20.56567;
     b5*13.44269 (res_b);
     ia*203.44507 (v_ia);
     sa*23.45104 (v_sa);
     ib*76.90639 (v_ib);
     sb*14.64066 (v_sb);

     ! NEW statements in MODEL CONSTRAINT
     NEW(r_iaib*0.20770);
     NEW(r_sasb*0.38252);
     NEW(r_res_ab*-0.59592);




TECHNICAL 1 OUTPUT


     PARAMETER SPECIFICATION


           NU
              A1            A2            A3            A4            A5
              ________      ________      ________      ________      ________
 1                  0             0             0             0             0


           NU
              B1            B2            B3            B4            B5
              ________      ________      ________      ________      ________
 1                  0             0             0             0             0


           NU
              BAGE          EDUCAT        HEIGHT
              ________      ________      ________
 1                  0             0             0


           LAMBDA
              IA            SA            IB            SB            BAGE
              ________      ________      ________      ________      ________
 A1                 0             0             0             0             0
 A2                 0             0             0             0             0
 A3                 0             0             0             0             0
 A4                 0             0             0             0             0
 A5                 0             0             0             0             0
 B1                 0             0             0             0             0
 B2                 0             0             0             0             0
 B3                 0             0             0             0             0
 B4                 0             0             0             0             0
 B5                 0             0             0             0             0
 BAGE               0             0             0             0             0
 EDUCAT             0             0             0             0             0
 HEIGHT             0             0             0             0             0


           LAMBDA
              EDUCAT        HEIGHT
              ________      ________
 A1                 0             0
 A2                 0             0
 A3                 0             0
 A4                 0             0
 A5                 0             0
 B1                 0             0
 B2                 0             0
 B3                 0             0
 B4                 0             0
 B5                 0             0
 BAGE               0             0
 EDUCAT             0             0
 HEIGHT             0             0


           THETA
              A1            A2            A3            A4            A5
              ________      ________      ________      ________      ________
 A1                 1
 A2                 0             2
 A3                 0             0             3
 A4                 0             0             0             4
 A5                 0             0             0             0             5
 B1                 0             0             0             0             6
 B2                 0             0             0             0             8
 B3                 0             0             0             0            10
 B4                 0             0             0             0            12
 B5                 0             0             0             0            14
 BAGE               0             0             0             0             0
 EDUCAT             0             0             0             0             0
 HEIGHT             0             0             0             0             0


           THETA
              B1            B2            B3            B4            B5
              ________      ________      ________      ________      ________
 B1                 7
 B2                 0             9
 B3                 0             0            11
 B4                 0             0             0            13
 B5                 0             0             0             0            15
 BAGE               0             0             0             0             0
 EDUCAT             0             0             0             0             0
 HEIGHT             0             0             0             0             0


           THETA
              BAGE          EDUCAT        HEIGHT
              ________      ________      ________
 BAGE               0
 EDUCAT             0             0
 HEIGHT             0             0             0


           ALPHA
              IA            SA            IB            SB            BAGE
              ________      ________      ________      ________      ________
 1                 16            17            18            19             0


           ALPHA
              EDUCAT        HEIGHT
              ________      ________
 1                  0             0


           BETA
              IA            SA            IB            SB            BAGE
              ________      ________      ________      ________      ________
 IA                 0             0             0             0            20
 SA                 0             0             0             0            23
 IB                 0             0             0             0            26
 SB                 0             0             0             0            29
 BAGE               0             0             0             0             0
 EDUCAT             0             0             0             0             0
 HEIGHT             0             0             0             0             0


           BETA
              EDUCAT        HEIGHT
              ________      ________
 IA                21            22
 SA                24            25
 IB                27            28
 SB                30            31
 BAGE               0             0
 EDUCAT             0             0
 HEIGHT             0             0


           PSI
              IA            SA            IB            SB            BAGE
              ________      ________      ________      ________      ________
 IA                32
 SA                33            34
 IB                35            36            37
 SB                33            38            33            39
 BAGE               0             0             0             0             0
 EDUCAT             0             0             0             0             0
 HEIGHT             0             0             0             0             0


           PSI
              EDUCAT        HEIGHT
              ________      ________
 EDUCAT             0
 HEIGHT             0             0


     PARAMETER SPECIFICATION FOR THE ADDITIONAL PARAMETERS


           NEW/ADDITIONAL PARAMETERS
              R_IAIB        R_SASB        R_RES_AB
              ________      ________      ________
 1                 40            41            42


     STARTING VALUES


           NU
              A1            A2            A3            A4            A5
              ________      ________      ________      ________      ________
 1              0.000         0.000         0.000         0.000         0.000


           NU
              B1            B2            B3            B4            B5
              ________      ________      ________      ________      ________
 1              0.000         0.000         0.000         0.000         0.000


           NU
              BAGE          EDUCAT        HEIGHT
              ________      ________      ________
 1              0.000         0.000         0.000


           LAMBDA
              IA            SA            IB            SB            BAGE
              ________      ________      ________      ________      ________
 A1             0.000         0.000         0.000         0.000         0.000
 A2             0.000         0.000         0.000         0.000         0.000
 A3             0.000         0.000         0.000         0.000         0.000
 A4             0.000         0.000         0.000         0.000         0.000
 A5             0.000         0.000         0.000         0.000         0.000
 B1             0.000         0.000         0.000         0.000         0.000
 B2             0.000         0.000         0.000         0.000         0.000
 B3             0.000         0.000         0.000         0.000         0.000
 B4             0.000         0.000         0.000         0.000         0.000
 B5             0.000         0.000         0.000         0.000         0.000
 BAGE           0.000         0.000         0.000         0.000         1.000
 EDUCAT         0.000         0.000         0.000         0.000         0.000
 HEIGHT         0.000         0.000         0.000         0.000         0.000


           LAMBDA
              EDUCAT        HEIGHT
              ________      ________
 A1             0.000         0.000
 A2             0.000         0.000
 A3             0.000         0.000
 A4             0.000         0.000
 A5             0.000         0.000
 B1             0.000         0.000
 B2             0.000         0.000
 B3             0.000         0.000
 B4             0.000         0.000
 B5             0.000         0.000
 BAGE           0.000         0.000
 EDUCAT         1.000         0.000
 HEIGHT         0.000         1.000


           THETA
              A1            A2            A3            A4            A5
              ________      ________      ________      ________      ________
 A1           157.543
 A2             0.000       168.617
 A3             0.000         0.000       177.617
 A4             0.000         0.000         0.000       162.189
 A5             0.000         0.000         0.000         0.000       123.705
 B1             0.000         0.000         0.000         0.000         0.000
 B2             0.000         0.000         0.000         0.000         0.000
 B3             0.000         0.000         0.000         0.000         0.000
 B4             0.000         0.000         0.000         0.000         0.000
 B5             0.000         0.000         0.000         0.000         0.000
 BAGE           0.000         0.000         0.000         0.000         0.000
 EDUCAT         0.000         0.000         0.000         0.000         0.000
 HEIGHT         0.000         0.000         0.000         0.000         0.000


           THETA
              B1            B2            B3            B4            B5
              ________      ________      ________      ________      ________
 B1            27.136
 B2             0.000        26.382
 B3             0.000         0.000        26.926
 B4             0.000         0.000         0.000        33.727
 B5             0.000         0.000         0.000         0.000        29.641
 BAGE           0.000         0.000         0.000         0.000         0.000
 EDUCAT         0.000         0.000         0.000         0.000         0.000
 HEIGHT         0.000         0.000         0.000         0.000         0.000


           THETA
              BAGE          EDUCAT        HEIGHT
              ________      ________      ________
 BAGE           0.000
 EDUCAT         0.000         0.000
 HEIGHT         0.000         0.000         0.000


           ALPHA
              IA            SA            IB            SB            BAGE
              ________      ________      ________      ________      ________
 1             26.570         2.312        24.260         2.617         0.000


           ALPHA
              EDUCAT        HEIGHT
              ________      ________
 1              0.000         0.000


           BETA
              IA            SA            IB            SB            BAGE
              ________      ________      ________      ________      ________
 IA             0.000         0.000         0.000         0.000         0.000
 SA             0.000         0.000         0.000         0.000         0.000
 IB             0.000         0.000         0.000         0.000         0.000
 SB             0.000         0.000         0.000         0.000         0.000
 BAGE           0.000         0.000         0.000         0.000         0.000
 EDUCAT         0.000         0.000         0.000         0.000         0.000
 HEIGHT         0.000         0.000         0.000         0.000         0.000


           BETA
              EDUCAT        HEIGHT
              ________      ________
 IA             0.000         0.000
 SA             0.000         0.000
 IB             0.000         0.000
 SB             0.000         0.000
 BAGE           0.000         0.000
 EDUCAT         0.000         0.000
 HEIGHT         0.000         0.000


           PSI
              IA            SA            IB            SB            BAGE
              ________      ________      ________      ________      ________
 IA           382.567
 SA             0.000       404.286
 IB             0.000         0.000       220.448
 SB             0.000         0.000         0.000       202.781
 BAGE           0.000         0.000         0.000         0.000        28.526
 EDUCAT         0.000         0.000         0.000         0.000         0.000
 HEIGHT         0.000         0.000         0.000         0.000         0.000


           PSI
              EDUCAT        HEIGHT
              ________      ________
 EDUCAT         5.673
 HEIGHT         0.000         0.005


     STARTING VALUES FOR THE ADDITIONAL PARAMETERS


           NEW/ADDITIONAL PARAMETERS
              R_IAIB        R_SASB        R_RES_AB
              ________      ________      ________
 1              0.500         0.500         0.500


     Beginning Time:  13:15:20
        Ending Time:  13:17:39
       Elapsed Time:  00:02:19



MUTHEN & MUTHEN
3463 Stoner Ave.
Los Angeles, CA  90066

Tel: (310) 391-9971
Fax: (310) 391-8971
Web: www.StatModel.com
Support: Support@StatModel.com

Copyright (c) 1998-2014 Muthen & Muthen
